\BOOKMARK [1][-]{section.1}{Introduction}{}% 1
\BOOKMARK [1][-]{section.2}{Materials and Methods}{}% 2
\BOOKMARK [2][-]{subsection.2.1}{Part 1: No Goalkeeper Tests}{section.2}% 3
\BOOKMARK [2][-]{subsection.2.2}{Part 2: With Goalkeeper Tests}{section.2}% 4
\BOOKMARK [1][-]{section.3}{Results}{}% 5
\BOOKMARK [2][-]{subsection.3.1}{Part 1: No Goalkeeper Tests}{section.3}% 6
\BOOKMARK [3][-]{subsubsection.3.1.1}{Task 1: Calculation}{subsection.3.1}% 7
\BOOKMARK [3][-]{subsubsection.3.1.2}{Task 2: Matlab Simulation}{subsection.3.1}% 8
\BOOKMARK [1][-]{section.4}{Discussion}{}% 9
\BOOKMARK [1][-]{section.5}{Conclusions}{}% 10
\BOOKMARK [1][-]{section*.1}{References}{}% 11
\BOOKMARK [1][-]{section*.2}{Appendices}{}% 12
\BOOKMARK [1][-]{appendix.A}{Matlab Source Code}{}% 13
\BOOKMARK [2][-]{subsection.A.1}{Overall Structure}{appendix.A}% 14
\BOOKMARK [2][-]{subsection.A.2}{Main Codes}{appendix.A}% 15
\BOOKMARK [3][-]{subsubsection.A.2.1}{Task 2\0463}{subsection.A.2}% 16
\BOOKMARK [3][-]{subsubsection.A.2.2}{Task 4}{subsection.A.2}% 17
\BOOKMARK [3][-]{subsubsection.A.2.3}{Task 5}{subsection.A.2}% 18
\BOOKMARK [3][-]{subsubsection.A.2.4}{Task 7}{subsection.A.2}% 19
\BOOKMARK [3][-]{subsubsection.A.2.5}{Task 8}{subsection.A.2}% 20
\BOOKMARK [3][-]{subsubsection.A.2.6}{Task 9}{subsection.A.2}% 21
\BOOKMARK [3][-]{subsubsection.A.2.7}{Task 10}{subsection.A.2}% 22
\BOOKMARK [2][-]{subsection.A.3}{Function Codes}{appendix.A}% 23
\BOOKMARK [3][-]{subsubsection.A.3.1}{Draw}{subsection.A.3}% 24
\BOOKMARK [3][-]{subsubsection.A.3.2}{Math}{subsection.A.3}% 25
\BOOKMARK [3][-]{subsubsection.A.3.3}{Tools}{subsection.A.3}% 26
\BOOKMARK [3][-]{subsubsection.A.3.4}{Distribution Methods}{subsection.A.3}% 27
